<?xml version="1.0" encoding="utf-8"?>
<!DOCTYPE coverage SYSTEM "http://cobertura.sourceforge.net/xml/coverage-04.dtd">
<coverage line-rate="0.873480835151137" branch-rate="0.608333333333333" lines-covered="2803" lines-valid="3209" branches-covered="146" branches-valid="240" complexity="728" version="0" timestamp="1717159381">
  <sources>
    <source>C:\Users\SRIKANTH\</source>
  </sources>
  <packages>
    <package name="Job_Portal_Application" line-rate="0.803145611364789" branch-rate="0.608333333333333" complexity="620">
      <classes>
        <class name="Job_Portal_Application.Context.JobportalContext" filename="C:\Users\SRIKANTH\OneDrive\Desktop\Presidio-Mini-Project\Job_Portal_Application\Job_Portal_Application\Context\Context.cs" line-rate="1" branch-rate="1" complexity="17">
          <methods>
            <method name="get_Users" signature="()" line-rate="1" branch-rate="1" complexity="1">
              <lines>
                <line number="19" hits="133" branch="false" />
              </lines>
            </method>
            <method name="get_Educations" signature="()" line-rate="1" branch-rate="1" complexity="1">
              <lines>
                <line number="20" hits="87" branch="false" />
              </lines>
            </method>
            <method name="get_Experiences" signature="()" line-rate="1" branch-rate="1" complexity="1">
              <lines>
                <line number="21" hits="84" branch="false" />
              </lines>
            </method>
            <method name="get_Skills" signature="()" line-rate="1" branch-rate="1" complexity="1">
              <lines>
                <line number="22" hits="87" branch="false" />
              </lines>
            </method>
            <method name="get_UserSkills" signature="()" line-rate="1" branch-rate="1" complexity="1">
              <lines>
                <line number="23" hits="72" branch="false" />
              </lines>
            </method>
            <method name="get_Titles" signature="()" line-rate="1" branch-rate="1" complexity="1">
              <lines>
                <line number="24" hits="96" branch="false" />
              </lines>
            </method>
            <method name="get_Credential" signature="()" line-rate="1" branch-rate="1" complexity="1">
              <lines>
                <line number="25" hits="83" branch="false" />
              </lines>
            </method>
            <method name="get_Jobs" signature="()" line-rate="1" branch-rate="1" complexity="1">
              <lines>
                <line number="26" hits="91" branch="false" />
              </lines>
            </method>
            <method name="get_JobSkills" signature="()" line-rate="1" branch-rate="1" complexity="1">
              <lines>
                <line number="27" hits="78" branch="false" />
              </lines>
            </method>
            <method name="get_Companies" signature="()" line-rate="1" branch-rate="1" complexity="1">
              <lines>
                <line number="28" hits="94" branch="false" />
              </lines>
            </method>
            <method name="get_JobActivities" signature="()" line-rate="1" branch-rate="1" complexity="1">
              <lines>
                <line number="29" hits="82" branch="false" />
              </lines>
            </method>
            <method name="get_AreasOfInterests" signature="()" line-rate="1" branch-rate="1" complexity="1">
              <lines>
                <line number="30" hits="88" branch="false" />
              </lines>
            </method>
            <method name="OnModelCreating" signature="(...)" line-rate="1" branch-rate="1" complexity="4">
              <lines>
                <line number="33" hits="2" branch="false" />
                <line number="37" hits="2" branch="false" />
                <line number="38" hits="2" branch="false" />
                <line number="39" hits="2" branch="false" />
                <line number="40" hits="2" branch="false" />
                <line number="44" hits="2" branch="false" />
                <line number="45" hits="2" branch="false" />
                <line number="46" hits="2" branch="false" />
                <line number="47" hits="2" branch="false" />
                <line number="51" hits="2" branch="false" />
                <line number="55" hits="2" branch="false" />
                <line number="56" hits="2" branch="false" />
                <line number="57" hits="2" branch="false" />
                <line number="58" hits="2" branch="false" />
                <line number="61" hits="2" branch="false" />
                <line number="62" hits="2" branch="false" />
                <line number="63" hits="2" branch="false" />
                <line number="64" hits="2" branch="false" />
                <line number="67" hits="2" branch="false" />
                <line number="68" hits="2" branch="false" />
                <line number="69" hits="2" branch="false" />
                <line number="70" hits="2" branch="false" />
                <line number="73" hits="2" branch="false" />
                <line number="74" hits="2" branch="false" />
                <line number="75" hits="2" branch="false" />
                <line number="76" hits="2" branch="false" />
                <line number="79" hits="2" branch="false" />
                <line number="80" hits="2" branch="false" />
                <line number="81" hits="2" branch="false" />
                <line number="82" hits="2" branch="false" />
                <line number="85" hits="2" branch="false" />
                <line number="86" hits="2" branch="false" />
                <line number="87" hits="2" branch="false" />
                <line number="88" hits="2" branch="false" />
                <line number="91" hits="2" branch="false" />
                <line number="92" hits="2" branch="false" />
                <line number="93" hits="2" branch="false" />
                <line number="94" hits="2" branch="false" />
                <line number="97" hits="2" branch="false" />
                <line number="98" hits="2" branch="false" />
                <line number="99" hits="2" branch="false" />
                <line number="100" hits="2" branch="false" />
                <line number="103" hits="2" branch="false" />
                <line number="104" hits="2" branch="false" />
                <line number="105" hits="2" branch="false" />
                <line number="106" hits="2" branch="false" />
                <line number="109" hits="2" branch="false" />
                <line number="110" hits="2" branch="false" />
                <line number="111" hits="2" branch="false" />
                <line number="112" hits="2" branch="false" />
                <line number="115" hits="2" branch="false" />
                <line number="116" hits="2" branch="false" />
                <line number="117" hits="2" branch="false" />
                <line number="118" hits="2" branch="false" />
                <line number="121" hits="2" branch="false" />
                <line number="122" hits="2" branch="false" />
                <line number="123" hits="2" branch="false" />
                <line number="124" hits="2" branch="false" />
                <line number="125" hits="2" branch="false" />
                <line number="128" hits="2" branch="false" />
                <line number="129" hits="2" branch="false" />
                <line number="130" hits="2" branch="false" />
                <line number="131" hits="2" branch="false" />
                <line number="134" hits="2" branch="false" />
                <line number="135" hits="2" branch="false" />
                <line number="136" hits="2" branch="false" />
                <line number="137" hits="2" branch="false" />
                <line number="138" hits="2" branch="false" />
                <line number="139" hits="2" branch="false" />
                <line number="140" hits="2" branch="false" />
                <line number="141" hits="2" branch="false" />
                <line number="142" hits="2" branch="false" />
                <line number="143" hits="2" branch="false" />
                <line number="144" hits="2" branch="false" />
                <line number="145" hits="2" branch="false" />
                <line number="146" hits="2" branch="false" />
                <line number="147" hits="2" branch="false" />
                <line number="148" hits="2" branch="false" />
                <line number="149" hits="2" branch="false" />
                <line number="150" hits="2" branch="false" />
                <line number="151" hits="2" branch="false" />
                <line number="152" hits="2" branch="false" />
                <line number="153" hits="2" branch="false" />
                <line number="154" hits="2" branch="false" />
                <line number="155" hits="2" branch="false" />
                <line number="156" hits="2" branch="false" />
                <line number="157" hits="2" branch="false" />
                <line number="158" hits="2" branch="false" />
                <line number="159" hits="2" branch="false" />
                <line number="160" hits="2" branch="false" />
                <line number="161" hits="2" branch="false" />
                <line number="162" hits="2" branch="false" />
                <line number="163" hits="2" branch="false" />
                <line number="164" hits="2" branch="false" />
                <line number="165" hits="2" branch="false" />
                <line number="168" hits="2" branch="false" />
                <line number="169" hits="2" branch="false" />
                <line number="170" hits="2" branch="false" />
                <line number="171" hits="2" branch="false" />
                <line number="172" hits="2" branch="false" />
                <line number="173" hits="2" branch="false" />
                <line number="174" hits="2" branch="false" />
                <line number="175" hits="2" branch="false" />
                <line number="176" hits="2" branch="false" />
                <line number="177" hits="2" branch="false" />
                <line number="178" hits="2" branch="false" />
                <line number="179" hits="2" branch="false" />
                <line number="180" hits="2" branch="false" />
                <line number="181" hits="2" branch="false" />
                <line number="182" hits="2" branch="false" />
                <line number="183" hits="2" branch="false" />
                <line number="184" hits="2" branch="false" />
                <line number="185" hits="2" branch="false" />
                <line number="186" hits="2" branch="false" />
                <line number="187" hits="2" branch="false" />
                <line number="188" hits="2" branch="false" />
                <line number="189" hits="2" branch="false" />
                <line number="190" hits="2" branch="false" />
                <line number="191" hits="2" branch="false" />
                <line number="192" hits="2" branch="false" />
                <line number="193" hits="2" branch="false" />
                <line number="194" hits="2" branch="false" />
                <line number="198" hits="54" branch="true" condition-coverage="100% (2/2)" />
                <line number="199" hits="24" branch="false" />
                <line number="200" hits="24" branch="false" />
                <line number="201" hits="200" branch="false" />
                <line number="203" hits="84" branch="true" condition-coverage="100% (2/2)" />
                <line number="204" hits="6" branch="false" />
                <line number="205" hits="6" branch="false" />
                <line number="206" hits="6" branch="false" />
                <line number="207" hits="6" branch="false" />
                <line number="208" hits="6" branch="false" />
                <line number="209" hits="24" branch="false" />
                <line number="213" hits="2" branch="false" />
                <line number="214" hits="2" branch="false" />
                <line number="215" hits="2" branch="false" />
                <line number="216" hits="2" branch="false" />
                <line number="217" hits="2" branch="false" />
                <line number="218" hits="2" branch="false" />
                <line number="219" hits="2" branch="false" />
                <line number="220" hits="2" branch="false" />
                <line number="221" hits="2" branch="false" />
                <line number="222" hits="2" branch="false" />
                <line number="223" hits="2" branch="false" />
                <line number="224" hits="2" branch="false" />
                <line number="225" hits="2" branch="false" />
                <line number="226" hits="2" branch="false" />
                <line number="227" hits="2" branch="false" />
                <line number="228" hits="2" branch="false" />
                <line number="229" hits="2" branch="false" />
                <line number="230" hits="2" branch="false" />
                <line number="231" hits="2" branch="false" />
                <line number="232" hits="2" branch="false" />
                <line number="233" hits="2" branch="false" />
                <line number="234" hits="2" branch="false" />
                <line number="235" hits="2" branch="false" />
                <line number="236" hits="2" branch="false" />
                <line number="238" hits="2" branch="false" />
                <line number="239" hits="4" branch="false" />
              </lines>
            </method>
            <method name=".ctor" signature="(...)" line-rate="1" branch-rate="1" complexity="1">
              <lines>
                <line number="15" hits="71" branch="false" />
                <line number="16" hits="71" branch="false" />
                <line number="17" hits="71" branch="false" />
              </lines>
            </method>
          </methods>
          <lines>
            <line number="15" hits="71" branch="false" />
            <line number="16" hits="71" branch="false" />
            <line number="17" hits="71" branch="false" />
            <line number="19" hits="133" branch="false" />
            <line number="20" hits="87" branch="false" />
            <line number="21" hits="84" branch="false" />
            <line number="22" hits="87" branch="false" />
            <line number="23" hits="72" branch="false" />
            <line number="24" hits="96" branch="false" />
            <line number="25" hits="83" branch="false" />
            <line number="26" hits="91" branch="false" />
            <line number="27" hits="78" branch="false" />
            <line number="28" hits="94" branch="false" />
            <line number="29" hits="82" branch="false" />
            <line number="30" hits="88" branch="false" />
            <line number="33" hits="2" branch="false" />
            <line number="37" hits="2" branch="false" />
            <line number="38" hits="2" branch="false" />
            <line number="39" hits="2" branch="false" />
            <line number="40" hits="2" branch="false" />
            <line number="44" hits="2" branch="false" />
            <line number="45" hits="2" branch="false" />
            <line number="46" hits="2" branch="false" />
            <line number="47" hits="2" branch="false" />
            <line number="51" hits="2" branch="false" />
            <line number="55" hits="2" branch="false" />
            <line number="56" hits="2" branch="false" />
            <line number="57" hits="2" branch="false" />
            <line number="58" hits="2" branch="false" />
            <line number="61" hits="2" branch="false" />
            <line number="62" hits="2" branch="false" />
            <line number="63" hits="2" branch="false" />
            <line number="64" hits="2" branch="false" />
            <line number="67" hits="2" branch="false" />
            <line number="68" hits="2" branch="false" />
            <line number="69" hits="2" branch="false" />
            <line number="70" hits="2" branch="false" />
            <line number="73" hits="2" branch="false" />
            <line number="74" hits="2" branch="false" />
            <line number="75" hits="2" branch="false" />
            <line number="76" hits="2" branch="false" />
            <line number="79" hits="2" branch="false" />
            <line number="80" hits="2" branch="false" />
            <line number="81" hits="2" branch="false" />
            <line number="82" hits="2" branch="false" />
            <line number="85" hits="2" branch="false" />
            <line number="86" hits="2" branch="false" />
            <line number="87" hits="2" branch="false" />
            <line number="88" hits="2" branch="false" />
            <line number="91" hits="2" branch="false" />
            <line number="92" hits="2" branch="false" />
            <line number="93" hits="2" branch="false" />
            <line number="94" hits="2" branch="false" />
            <line number="97" hits="2" branch="false" />
            <line number="98" hits="2" branch="false" />
            <line number="99" hits="2" branch="false" />
            <line number="100" hits="2" branch="false" />
            <line number="103" hits="2" branch="false" />
            <line number="104" hits="2" branch="false" />
            <line number="105" hits="2" branch="false" />
            <line number="106" hits="2" branch="false" />
            <line number="109" hits="2" branch="false" />
            <line number="110" hits="2" branch="false" />
            <line number="111" hits="2" branch="false" />
            <line number="112" hits="2" branch="false" />
            <line number="115" hits="2" branch="false" />
            <line number="116" hits="2" branch="false" />
            <line number="117" hits="2" branch="false" />
            <line number="118" hits="2" branch="false" />
            <line number="121" hits="2" branch="false" />
            <line number="122" hits="2" branch="false" />
            <line number="123" hits="2" branch="false" />
            <line number="124" hits="2" branch="false" />
            <line number="125" hits="2" branch="false" />
            <line number="128" hits="2" branch="false" />
            <line number="129" hits="2" branch="false" />
            <line number="130" hits="2" branch="false" />
            <line number="131" hits="2" branch="false" />
            <line number="134" hits="2" branch="false" />
            <line number="135" hits="2" branch="false" />
            <line number="136" hits="2" branch="false" />
            <line number="137" hits="2" branch="false" />
            <line number="138" hits="2" branch="false" />
            <line number="139" hits="2" branch="false" />
            <line number="140" hits="2" branch="false" />
            <line number="141" hits="2" branch="false" />
            <line number="142" hits="2" branch="false" />
            <line number="143" hits="2" branch="false" />
            <line number="144" hits="2" branch="false" />
            <line number="145" hits="2" branch="false" />
            <line number="146" hits="2" branch="false" />
            <line number="147" hits="2" branch="false" />
            <line number="148" hits="2" branch="false" />
            <line number="149" hits="2" branch="false" />
            <line number="150" hits="2" branch="false" />
            <line number="151" hits="2" branch="false" />
            <line number="152" hits="2" branch="false" />
            <line number="153" hits="2" branch="false" />
            <line number="154" hits="2" branch="false" />
            <line number="155" hits="2" branch="false" />
            <line number="156" hits="2" branch="false" />
            <line number="157" hits="2" branch="false" />
            <line number="158" hits="2" branch="false" />
            <line number="159" hits="2" branch="false" />
            <line number="160" hits="2" branch="false" />
            <line number="161" hits="2" branch="false" />
            <line number="162" hits="2" branch="false" />
            <line number="163" hits="2" branch="false" />
            <line number="164" hits="2" branch="false" />
            <line number="165" hits="2" branch="false" />
            <line number="168" hits="2" branch="false" />
            <line number="169" hits="2" branch="false" />
            <line number="170" hits="2" branch="false" />
            <line number="171" hits="2" branch="false" />
            <line number="172" hits="2" branch="false" />
            <line number="173" hits="2" branch="false" />
            <line number="174" hits="2" branch="false" />
            <line number="175" hits="2" branch="false" />
            <line number="176" hits="2" branch="false" />
            <line number="177" hits="2" branch="false" />
            <line number="178" hits="2" branch="false" />
            <line number="179" hits="2" branch="false" />
            <line number="180" hits="2" branch="false" />
            <line number="181" hits="2" branch="false" />
            <line number="182" hits="2" branch="false" />
            <line number="183" hits="2" branch="false" />
            <line number="184" hits="2" branch="false" />
            <line number="185" hits="2" branch="false" />
            <line number="186" hits="2" branch="false" />
            <line number="187" hits="2" branch="false" />
            <line number="188" hits="2" branch="false" />
            <line number="189" hits="2" branch="false" />
            <line number="190" hits="2" branch="false" />
            <line number="191" hits="2" branch="false" />
            <line number="192" hits="2" branch="false" />
            <line number="193" hits="2" branch="false" />
            <line number="194" hits="2" branch="false" />
            <line number="198" hits="54" branch="true" condition-coverage="100% (2/2)" />
            <line number="199" hits="24" branch="false" />
            <line number="200" hits="24" branch="false" />
            <line number="201" hits="200" branch="false" />
            <line number="203" hits="84" branch="true" condition-coverage="100% (2/2)" />
            <line number="204" hits="6" branch="false" />
            <line number="205" hits="6" branch="false" />
            <line number="206" hits="6" branch="false" />
            <line number="207" hits="6" branch="false" />
            <line number="208" hits="6" branch="false" />
            <line number="209" hits="24" branch="false" />
            <line number="213" hits="2" branch="false" />
            <line number="214" hits="2" branch="false" />
            <line number="215" hits="2" branch="false" />
            <line number="216" hits="2" branch="false" />
            <line number="217" hits="2" branch="false" />
            <line number="218" hits="2" branch="false" />
            <line number="219" hits="2" branch="false" />
            <line number="220" hits="2" branch="false" />
            <line number="221" hits="2" branch="false" />
            <line number="222" hits="2" branch="false" />
            <line number="223" hits="2" branch="false" />
            <line number="224" hits="2" branch="false" />
            <line number="225" hits="2" branch="false" />
            <line number="226" hits="2" branch="false" />
            <line number="227" hits="2" branch="false" />
            <line number="228" hits="2" branch="false" />
            <line number="229" hits="2" branch="false" />
            <line number="230" hits="2" branch="false" />
            <line number="231" hits="2" branch="false" />
            <line number="232" hits="2" branch="false" />
            <line number="233" hits="2" branch="false" />
            <line number="234" hits="2" branch="false" />
            <line number="235" hits="2" branch="false" />
            <line number="236" hits="2" branch="false" />
            <line number="238" hits="2" branch="false" />
            <line number="239" hits="4" branch="false" />
          </lines>
        </class>
        <class name="Job_Portal_Application.Dto.AreasOfInterestDtos.AddAreasOfInterestDTO" filename="C:\Users\SRIKANTH\OneDrive\Desktop\Presidio-Mini-Project\Job_Portal_Application\Job_Portal_Application\Dto\AreaofIntrestDto\AddAreasOfInterestDTO.cs" line-rate="1" branch-rate="1" complexity="2">
          <methods>
            <method name="get_TitleId" signature="()" line-rate="1" branch-rate="1" complexity="1">
              <lines>
                <line number="11" hits="23" branch="false" />
              </lines>
            </method>
            <method name="get_Lpa" signature="()" line-rate="1" branch-rate="1" complexity="1">
              <lines>
                <line number="15" hits="16" branch="false" />
              </lines>
            </method>
          </methods>
          <lines>
            <line number="11" hits="23" branch="false" />
            <line number="15" hits="16" branch="false" />
          </lines>
        </class>
        <class name="Job_Portal_Application.Dto.AreasOfInterestDtos.AreasOfInterestDto" filename="C:\Users\SRIKANTH\OneDrive\Desktop\Presidio-Mini-Project\Job_Portal_Application\Job_Portal_Application\Dto\AreaofIntrestDto\AreasOfInterestDto.cs" line-rate="1" branch-rate="1" complexity="1">
          <methods>
            <method name="get_AreasOfInterestId" signature="()" line-rate="1" branch-rate="1" complexity="1">
              <lines>
                <line number="10" hits="4" branch="false" />
              </lines>
            </method>
          </methods>
          <lines>
            <line number="10" hits="4" branch="false" />
          </lines>
        </class>
        <class name="Job_Portal_Application.Dto.CompanyDto.CompanyDto" filename="C:\Users\SRIKANTH\OneDrive\Desktop\Presidio-Mini-Project\Job_Portal_Application\Job_Portal_Application\Dto\CompanyDtos\CompanyRepository.cs" line-rate="1" branch-rate="1" complexity="1">
          <methods>
            <method name="get_CompanyId" signature="()" line-rate="1" branch-rate="1" complexity="1">
              <lines>
                <line number="12" hits="6" branch="false" />
              </lines>
            </method>
          </methods>
          <lines>
            <line number="12" hits="6" branch="false" />
          </lines>
        </class>
        <class name="Job_Portal_Application.Dto.CompanyDtos.CompanyRegisterDto" filename="C:\Users\SRIKANTH\OneDrive\Desktop\Presidio-Mini-Project\Job_Portal_Application\Job_Portal_Application\Dto\CompanyDtos\CompanyRegisterDto.cs" line-rate="1" branch-rate="1" complexity="8">
          <methods>
            <method name="get_CompanyName" signature="()" line-rate="1" branch-rate="1" complexity="1">
              <lines>
                <line number="11" hits="9" branch="false" />
              </lines>
            </method>
            <method name="get_Email" signature="()" line-rate="1" branch-rate="1" complexity="1">
              <lines>
                <line number="15" hits="13" branch="false" />
              </lines>
            </method>
            <method name="get_Password" signature="()" line-rate="1" branch-rate="1" complexity="1">
              <lines>
                <line number="19" hits="3" branch="false" />
              </lines>
            </method>
            <method name="get_CompanyDescription" signature="()" line-rate="1" branch-rate="1" complexity="1">
              <lines>
                <line number="23" hits="7" branch="false" />
              </lines>
            </method>
            <method name="get_CompanyAddress" signature="()" line-rate="1" branch-rate="1" complexity="1">
              <lines>
                <line number="26" hits="8" branch="false" />
              </lines>
            </method>
            <method name="get_City" signature="()" line-rate="1" branch-rate="1" complexity="1">
              <lines>
                <line number="28" hits="8" branch="false" />
              </lines>
            </method>
            <method name="get_CompanySize" signature="()" line-rate="1" branch-rate="1" complexity="1">
              <lines>
                <line number="31" hits="8" branch="false" />
              </lines>
            </method>
            <method name="get_CompanyWebsite" signature="()" line-rate="1" branch-rate="1" complexity="1">
              <lines>
                <line number="34" hits="8" branch="false" />
              </lines>
            </method>
          </methods>
          <lines>
            <line number="11" hits="9" branch="false" />
            <line number="15" hits="13" branch="false" />
            <line number="19" hits="3" branch="false" />
            <line number="23" hits="7" branch="false" />
            <line number="26" hits="8" branch="false" />
            <line number="28" hits="8" branch="false" />
            <line number="31" hits="8" branch="false" />
            <line number="34" hits="8" branch="false" />
          </lines>
        </class>
        <class name="Job_Portal_Application.Dto.CompanyDtos.CompanyUpdateDto" filename="C:\Users\SRIKANTH\OneDrive\Desktop\Presidio-Mini-Project\Job_Portal_Application\Job_Portal_Application\Dto\CompanyDtos\CompanyUpdateDto.cs" line-rate="1" branch-rate="1" complexity="6">
          <methods>
            <method name="get_CompanyName" signature="()" line-rate="1" branch-rate="1" complexity="1">
              <lines>
                <line number="6" hits="2" branch="false" />
              </lines>
            </method>
            <method name="get_CompanyAddress" signature="()" line-rate="1" branch-rate="1" complexity="1">
              <lines>
                <line number="7" hits="2" branch="false" />
              </lines>
            </method>
            <method name="get_City" signature="()" line-rate="1" branch-rate="1" complexity="1">
              <lines>
                <line number="8" hits="2" branch="false" />
              </lines>
            </method>
            <method name="get_CompanySize" signature="()" line-rate="1" branch-rate="1" complexity="1">
              <lines>
                <line number="9" hits="2" branch="false" />
              </lines>
            </method>
            <method name="get_CompanyWebsite" signature="()" line-rate="1" branch-rate="1" complexity="1">
              <lines>
                <line number="10" hits="2" branch="false" />
              </lines>
            </method>
            <method name="get_CompanyDescription" signature="()" line-rate="1" branch-rate="1" complexity="1">
              <lines>
                <line number="11" hits="1" branch="false" />
              </lines>
            </method>
          </methods>
          <lines>
            <line number="6" hits="2" branch="false" />
            <line number="7" hits="2" branch="false" />
            <line number="8" hits="2" branch="false" />
            <line number="9" hits="2" branch="false" />
            <line number="10" hits="2" branch="false" />
            <line number="11" hits="1" branch="false" />
          </lines>
        </class>
        <class name="Job_Portal_Application.Dto.EducationDtos.AddEducationDto" filename="C:\Users\SRIKANTH\OneDrive\Desktop\Presidio-Mini-Project\Job_Portal_Application\Job_Portal_Application\Dto\EducationDtos\AddEducationDto.cs" line-rate="1" branch-rate="1" complexity="6">
          <methods>
            <method name="get_Level" signature="()" line-rate="1" branch-rate="1" complexity="1">
              <lines>
                <line number="16" hits="18" branch="false" />
              </lines>
            </method>
            <method name="get_StartYear" signature="()" line-rate="1" branch-rate="1" complexity="1">
              <lines>
                <line number="20" hits="26" branch="false" />
              </lines>
            </method>
            <method name="get_EndYear" signature="()" line-rate="1" branch-rate="1" complexity="1">
              <lines>
                <line number="23" hits="41" branch="false" />
              </lines>
            </method>
            <method name="get_Percentage" signature="()" line-rate="1" branch-rate="1" complexity="1">
              <lines>
                <line number="26" hits="18" branch="false" />
              </lines>
            </method>
            <method name="get_InstitutionName" signature="()" line-rate="1" branch-rate="1" complexity="1">
              <lines>
                <line number="30" hits="19" branch="false" />
              </lines>
            </method>
            <method name="get_IsCurrentlyStudying" signature="()" line-rate="1" branch-rate="1" complexity="1">
              <lines>
                <line number="33" hits="18" branch="false" />
              </lines>
            </method>
          </methods>
          <lines>
            <line number="16" hits="18" branch="false" />
            <line number="20" hits="26" branch="false" />
            <line number="23" hits="41" branch="false" />
            <line number="26" hits="18" branch="false" />
            <line number="30" hits="19" branch="false" />
            <line number="33" hits="18" branch="false" />
          </lines>
        </class>
        <class name="Job_Portal_Application.Dto.EducationDtos.EducationDto" filename="C:\Users\SRIKANTH\OneDrive\Desktop\Presidio-Mini-Project\Job_Portal_Application\Job_Portal_Application\Dto\EducationDtos\EducationDto.cs" line-rate="1" branch-rate="1" complexity="1">
          <methods>
            <method name="get_EducationId" signature="()" line-rate="1" branch-rate="1" complexity="1">
              <lines>
                <line number="10" hits="7" branch="false" />
              </lines>
            </method>
          </methods>
          <lines>
            <line number="10" hits="7" branch="false" />
          </lines>
        </class>
        <class name="Job_Portal_Application.Dto.ExperienceDtos.AddExperienceDto" filename="C:\Users\SRIKANTH\OneDrive\Desktop\Presidio-Mini-Project\Job_Portal_Application\Job_Portal_Application\Dto\ExperienceDto\AddExperienceDto.cs" line-rate="1" branch-rate="1" complexity="4">
          <methods>
            <method name="get_CompanyName" signature="()" line-rate="1" branch-rate="1" complexity="1">
              <lines>
                <line number="15" hits="14" branch="false" />
              </lines>
            </method>
            <method name="get_TitleId" signature="()" line-rate="1" branch-rate="1" complexity="1">
              <lines>
                <line number="18" hits="21" branch="false" />
              </lines>
            </method>
            <method name="get_StartYear" signature="()" line-rate="1" branch-rate="1" complexity="1">
              <lines>
                <line number="22" hits="21" branch="false" />
              </lines>
            </method>
            <method name="get_EndYear" signature="()" line-rate="1" branch-rate="1" complexity="1">
              <lines>
                <line number="27" hits="21" branch="false" />
              </lines>
            </method>
          </methods>
          <lines>
            <line number="15" hits="14" branch="false" />
            <line number="18" hits="21" branch="false" />
            <line number="22" hits="21" branch="false" />
            <line number="27" hits="21" branch="false" />
          </lines>
        </class>
        <class name="Job_Portal_Application.Dto.ExperienceDtos.GetExperienceDto" filename="C:\Users\SRIKANTH\OneDrive\Desktop\Presidio-Mini-Project\Job_Portal_Application\Job_Portal_Application\Dto\ExperienceDto\ExperienceDTO.cs" line-rate="1" branch-rate="1" complexity="1">
          <methods>
            <method name="get_ExperienceId" signature="()" line-rate="1" branch-rate="1" complexity="1">
              <lines>
                <line number="11" hits="2" branch="false" />
              </lines>
            </method>
          </methods>
          <lines>
            <line number="11" hits="2" branch="false" />
          </lines>
        </class>
        <class name="Job_Portal_Application.Dto.JobActivityDto.ApplyjobDto" filename="C:\Users\SRIKANTH\OneDrive\Desktop\Presidio-Mini-Project\Job_Portal_Application\Job_Portal_Application\Dto\JobActivityDto\ApplyjobDto.cs" line-rate="0" branch-rate="1" complexity="1">
          <methods>
            <method name="get_JobId" signature="()" line-rate="0" branch-rate="1" complexity="1">
              <lines>
                <line number="11" hits="0" branch="false" />
              </lines>
            </method>
          </methods>
          <lines>
            <line number="11" hits="0" branch="false" />
          </lines>
        </class>
        <class name="Job_Portal_Application.Dto.JobActivityDto.FilteredJobActivitiesDto" filename="C:\Users\SRIKANTH\OneDrive\Desktop\Presidio-Mini-Project\Job_Portal_Application\Job_Portal_Application\Dto\JobActivityDto\FilteredJobActivitiesDto.cs" line-rate="0" branch-rate="1" complexity="7">
          <methods>
            <method name="get_JobId" signature="()" line-rate="0" branch-rate="1" complexity="1">
              <lines>
                <line number="6" hits="0" branch="false" />
              </lines>
            </method>
            <method name="get_PageNumber" signature="()" line-rate="0" branch-rate="1" complexity="1">
              <lines>
                <line number="7" hits="0" branch="false" />
              </lines>
            </method>
            <method name="get_PageSize" signature="()" line-rate="0" branch-rate="1" complexity="1">
              <lines>
                <line number="8" hits="0" branch="false" />
              </lines>
            </method>
            <method name="get_FirstApplied" signature="()" line-rate="0" branch-rate="1" complexity="1">
              <lines>
                <line number="9" hits="0" branch="false" />
              </lines>
            </method>
            <method name="get_PerfectMatchSkills" signature="()" line-rate="0" branch-rate="1" complexity="1">
              <lines>
                <line number="10" hits="0" branch="false" />
              </lines>
            </method>
            <method name="get_PerfectMatchExperience" signature="()" line-rate="0" branch-rate="1" complexity="1">
              <lines>
                <line number="11" hits="0" branch="false" />
              </lines>
            </method>
            <method name="get_HasExperienceInJobTitle" signature="()" line-rate="0" branch-rate="1" complexity="1">
              <lines>
                <line number="12" hits="0" branch="false" />
              </lines>
            </method>
          </methods>
          <lines>
            <line number="6" hits="0" branch="false" />
            <line number="7" hits="0" branch="false" />
            <line number="8" hits="0" branch="false" />
            <line number="9" hits="0" branch="false" />
            <line number="10" hits="0" branch="false" />
            <line number="11" hits="0" branch="false" />
            <line number="12" hits="0" branch="false" />
          </lines>
        </class>
        <class name="Job_Portal_Application.Dto.JobActivityDto.JobActivityDto" filename="C:\Users\SRIKANTH\OneDrive\Desktop\Presidio-Mini-Project\Job_Portal_Application\Job_Portal_Application\Dto\JobActivityDto\JobActivityDto.cs" line-rate="1" branch-rate="1" complexity="8">
          <methods>
            <method name="get_JobactivityId" signature="()" line-rate="1" branch-rate="1" complexity="1">
              <lines>
                <line number="7" hits="7" branch="false" />
              </lines>
            </method>
            <method name="get_UserId" signature="()" line-rate="1" branch-rate="1" complexity="1">
              <lines>
                <line number="8" hits="6" branch="false" />
              </lines>
            </method>
            <method name="get_JobId" signature="()" line-rate="1" branch-rate="1" complexity="1">
              <lines>
                <line number="9" hits="6" branch="false" />
              </lines>
            </method>
            <method name="get_Status" signature="()" line-rate="1" branch-rate="1" complexity="1">
              <lines>
                <line number="10" hits="8" branch="false" />
              </lines>
            </method>
            <method name="get_ResumeViewed" signature="()" line-rate="1" branch-rate="1" complexity="1">
              <lines>
                <line number="12" hits="7" branch="false" />
              </lines>
            </method>
            <method name="get_Comments" signature="()" line-rate="1" branch-rate="1" complexity="1">
              <lines>
                <line number="13" hits="6" branch="false" />
              </lines>
            </method>
            <method name="get_AppliedDate" signature="()" line-rate="1" branch-rate="1" complexity="1">
              <lines>
                <line number="14" hits="6" branch="false" />
              </lines>
            </method>
            <method name="get_UpdatedDate" signature="()" line-rate="1" branch-rate="1" complexity="1">
              <lines>
                <line number="15" hits="6" branch="false" />
              </lines>
            </method>
          </methods>
          <lines>
            <line number="7" hits="7" branch="false" />
            <line number="8" hits="6" branch="false" />
            <line number="9" hits="6" branch="false" />
            <line number="10" hits="8" branch="false" />
            <line number="12" hits="7" branch="false" />
            <line number="13" hits="6" branch="false" />
            <line number="14" hits="6" branch="false" />
            <line number="15" hits="6" branch="false" />
          </lines>
        </class>
        <class name="Job_Portal_Application.Dto.JobActivityDto.UpdateJobactivityDto" filename="C:\Users\SRIKANTH\OneDrive\Desktop\Presidio-Mini-Project\Job_Portal_Application\Job_Portal_Application\Dto\JobActivityDto\UpdateJobactivityDto.cs" line-rate="1" branch-rate="1" complexity="4">
          <methods>
            <method name="get_JobactivityId" signature="()" line-rate="1" branch-rate="1" complexity="1">
              <lines>
                <line number="7" hits="2" branch="false" />
              </lines>
            </method>
            <method name="get_ResumeViewed" signature="()" line-rate="1" branch-rate="1" complexity="1">
              <lines>
                <line number="8" hits="3" branch="false" />
              </lines>
            </method>
            <method name="get_status" signature="()" line-rate="1" branch-rate="1" complexity="1">
              <lines>
                <line number="10" hits="3" branch="false" />
              </lines>
            </method>
            <method name="get_Comments" signature="()" line-rate="1" branch-rate="1" complexity="1">
              <lines>
                <line number="12" hits="1" branch="false" />
              </lines>
            </method>
          </methods>
          <lines>
            <line number="7" hits="2" branch="false" />
            <line number="8" hits="3" branch="false" />
            <line number="10" hits="3" branch="false" />
            <line number="12" hits="1" branch="false" />
          </lines>
        </class>
        <class name="Job_Portal_Application.Dto.JobActivityDto.UserAppliedJobsDto" filename="C:\Users\SRIKANTH\OneDrive\Desktop\Presidio-Mini-Project\Job_Portal_Application\Job_Portal_Application\Dto\JobActivityDto\UserAppliedJobsDto.cs" line-rate="1" branch-rate="1" complexity="10">
          <methods>
            <method name="get_JobactivityId" signature="()" line-rate="1" branch-rate="1" complexity="1">
              <lines>
                <line number="6" hits="2" branch="false" />
              </lines>
            </method>
            <method name="get_JobId" signature="()" line-rate="1" branch-rate="1" complexity="1">
              <lines>
                <line number="7" hits="2" branch="false" />
              </lines>
            </method>
            <method name="get_JobType" signature="()" line-rate="1" branch-rate="1" complexity="1">
              <lines>
                <line number="9" hits="2" branch="false" />
              </lines>
            </method>
            <method name="get_TitleName" signature="()" line-rate="1" branch-rate="1" complexity="1">
              <lines>
                <line number="10" hits="2" branch="false" />
              </lines>
            </method>
            <method name="get_CompanyName" signature="()" line-rate="1" branch-rate="1" complexity="1">
              <lines>
                <line number="11" hits="2" branch="false" />
              </lines>
            </method>
            <method name="get_JobStatus" signature="()" line-rate="1" branch-rate="1" complexity="1">
              <lines>
                <line number="12" hits="2" branch="false" />
              </lines>
            </method>
            <method name="get_ResumeViewed" signature="()" line-rate="1" branch-rate="1" complexity="1">
              <lines>
                <line number="14" hits="2" branch="false" />
              </lines>
            </method>
            <method name="get_Applicationstatus" signature="()" line-rate="1" branch-rate="1" complexity="1">
              <lines>
                <line number="15" hits="2" branch="false" />
              </lines>
            </method>
            <method name="get_Comments" signature="()" line-rate="1" branch-rate="1" complexity="1">
              <lines>
                <line number="16" hits="2" branch="false" />
              </lines>
            </method>
            <method name="get_AppliedDate" signature="()" line-rate="1" branch-rate="1" complexity="1">
              <lines>
                <line number="17" hits="2" branch="false" />
              </lines>
            </method>
          </methods>
          <lines>
            <line number="6" hits="2" branch="false" />
            <line number="7" hits="2" branch="false" />
            <line number="9" hits="2" branch="false" />
            <line number="10" hits="2" branch="false" />
            <line number="11" hits="2" branch="false" />
            <line number="12" hits="2" branch="false" />
            <line number="14" hits="2" branch="false" />
            <line number="15" hits="2" branch="false" />
            <line number="16" hits="2" branch="false" />
            <line number="17" hits="2" branch="false" />
          </lines>
        </class>
        <class name="Job_Portal_Application.Dto.JobDto.JobDto" filename="C:\Users\SRIKANTH\OneDrive\Desktop\Presidio-Mini-Project\Job_Portal_Application\Job_Portal_Application\Dto\JobDtos\JobDto.cs" line-rate="1" branch-rate="1" complexity="11">
          <methods>
            <method name="get_Status" signature="()" line-rate="1" branch-rate="1" complexity="1">
              <lines>
                <line number="8" hits="11" branch="false" />
              </lines>
            </method>
            <method name="get_JobId" signature="()" line-rate="1" branch-rate="1" complexity="1">
              <lines>
                <line number="9" hits="12" branch="false" />
              </lines>
            </method>
            <method name="get_DatePosted" signature="()" line-rate="1" branch-rate="1" complexity="1">
              <lines>
                <line number="10" hits="11" branch="false" />
              </lines>
            </method>
            <method name="get_TitleId" signature="()" line-rate="1" branch-rate="1" complexity="1">
              <lines>
                <line number="11" hits="11" branch="false" />
              </lines>
            </method>
            <method name="get_CompanyName" signature="()" line-rate="1" branch-rate="1" complexity="1">
              <lines>
                <line number="12" hits="11" branch="false" />
              </lines>
            </method>
            <method name="get_JobDescription" signature="()" line-rate="1" branch-rate="1" complexity="1">
              <lines>
                <line number="13" hits="12" branch="false" />
              </lines>
            </method>
            <method name="get_Lpa" signature="()" line-rate="1" branch-rate="1" complexity="1">
              <lines>
                <line number="14" hits="12" branch="false" />
              </lines>
            </method>
            <method name="get_ExperienceRequired" signature="()" line-rate="1" branch-rate="1" complexity="1">
              <lines>
                <line number="15" hits="11" branch="false" />
              </lines>
            </method>
            <method name="get_TitleName" signature="()" line-rate="1" branch-rate="1" complexity="1">
              <lines>
                <line number="16" hits="11" branch="false" />
              </lines>
            </method>
            <method name="get_JobType" signature="()" line-rate="1" branch-rate="1" complexity="1">
              <lines>
                <line number="17" hits="11" branch="false" />
              </lines>
            </method>
            <method name="get_Skills" signature="()" line-rate="1" branch-rate="1" complexity="1">
              <lines>
                <line number="19" hits="11" branch="false" />
              </lines>
            </method>
          </methods>
          <lines>
            <line number="8" hits="11" branch="false" />
            <line number="9" hits="12" branch="false" />
            <line number="10" hits="11" branch="false" />
            <line number="11" hits="11" branch="false" />
            <line number="12" hits="11" branch="false" />
            <line number="13" hits="12" branch="false" />
            <line number="14" hits="12" branch="false" />
            <line number="15" hits="11" branch="false" />
            <line number="16" hits="11" branch="false" />
            <line number="17" hits="11" branch="false" />
            <line number="19" hits="11" branch="false" />
          </lines>
        </class>
        <class name="Job_Portal_Application.Dto.JobDto.PostJobDto" filename="C:\Users\SRIKANTH\OneDrive\Desktop\Presidio-Mini-Project\Job_Portal_Application\Job_Portal_Application\Dto\JobDtos\PostJobDto.cs" line-rate="1" branch-rate="1" complexity="6">
          <methods>
            <method name="get_JobType" signature="()" line-rate="1" branch-rate="1" complexity="1">
              <lines>
                <line number="12" hits="4" branch="false" />
              </lines>
            </method>
            <method name="get_TitleId" signature="()" line-rate="1" branch-rate="1" complexity="1">
              <lines>
                <line number="15" hits="6" branch="false" />
              </lines>
            </method>
            <method name="get_ExperienceRequired" signature="()" line-rate="1" branch-rate="1" complexity="1">
              <lines>
                <line number="21" hits="4" branch="false" />
              </lines>
            </method>
            <method name="get_Lpa" signature="()" line-rate="1" branch-rate="1" complexity="1">
              <lines>
                <line number="24" hits="4" branch="false" />
              </lines>
            </method>
            <method name="get_JobDescription" signature="()" line-rate="1" branch-rate="1" complexity="1">
              <lines>
                <line number="29" hits="4" branch="false" />
              </lines>
            </method>
            <method name="get_SkillsRequired" signature="()" line-rate="1" branch-rate="1" complexity="1">
              <lines>
                <line number="33" hits="6" branch="false" />
              </lines>
            </method>
          </methods>
          <lines>
            <line number="12" hits="4" branch="false" />
            <line number="15" hits="6" branch="false" />
            <line number="21" hits="4" branch="false" />
            <line number="24" hits="4" branch="false" />
            <line number="29" hits="4" branch="false" />
            <line number="33" hits="6" branch="false" />
          </lines>
        </class>
        <class name="Job_Portal_Application.Dto.JobDtos.JobSkillsdto" filename="C:\Users\SRIKANTH\OneDrive\Desktop\Presidio-Mini-Project\Job_Portal_Application\Job_Portal_Application\Dto\JobDtos\JobSkillsdto.cs" line-rate="1" branch-rate="1" complexity="1">
          <methods>
            <method name="get_JobId" signature="()" line-rate="1" branch-rate="1" complexity="1">
              <lines>
                <line number="7" hits="2" branch="false" />
              </lines>
            </method>
          </methods>
          <lines>
            <line number="7" hits="2" branch="false" />
          </lines>
        </class>
        <class name="Job_Portal_Application.Dto.JobDtos.JobsSearchRequest" filename="C:\Users\SRIKANTH\OneDrive\Desktop\Presidio-Mini-Project\Job_Portal_Application\Job_Portal_Application\Dto\JobDtos\JobsSearchRequest.cs" line-rate="0" branch-rate="1" complexity="9">
          <methods>
            <method name="get_PageNumber" signature="()" line-rate="0" branch-rate="1" complexity="1">
              <lines>
                <line number="5" hits="0" branch="false" />
              </lines>
            </method>
            <method name="get_PageSize" signature="()" line-rate="0" branch-rate="1" complexity="1">
              <lines>
                <line number="6" hits="0" branch="false" />
              </lines>
            </method>
            <method name="get_jobtitleId" signature="()" line-rate="0" branch-rate="1" complexity="1">
              <lines>
                <line number="7" hits="0" branch="false" />
              </lines>
            </method>
            <method name="get_Lpa" signature="()" line-rate="0" branch-rate="1" complexity="1">
              <lines>
                <line number="8" hits="0" branch="false" />
              </lines>
            </method>
            <method name="get_RecentlyPosted" signature="()" line-rate="0" branch-rate="1" complexity="1">
              <lines>
                <line number="9" hits="0" branch="false" />
              </lines>
            </method>
            <method name="get_SkillIds" signature="()" line-rate="0" branch-rate="1" complexity="1">
              <lines>
                <line number="10" hits="0" branch="false" />
              </lines>
            </method>
            <method name="get_ExperienceRequired" signature="()" line-rate="0" branch-rate="1" complexity="1">
              <lines>
                <line number="11" hits="0" branch="false" />
              </lines>
            </method>
            <method name="get_Location" signature="()" line-rate="0" branch-rate="1" complexity="1">
              <lines>
                <line number="12" hits="0" branch="false" />
              </lines>
            </method>
            <method name="get_CompanyId" signature="()" line-rate="0" branch-rate="1" complexity="1">
              <lines>
                <line number="13" hits="0" branch="false" />
              </lines>
            </method>
          </methods>
          <lines>
            <line number="5" hits="0" branch="false" />
            <line number="6" hits="0" branch="false" />
            <line number="7" hits="0" branch="false" />
            <line number="8" hits="0" branch="false" />
            <line number="9" hits="0" branch="false" />
            <line number="10" hits="0" branch="false" />
            <line number="11" hits="0" branch="false" />
            <line number="12" hits="0" branch="false" />
            <line number="13" hits="0" branch="false" />
          </lines>
        </class>
        <class name="Job_Portal_Application.Dto.JobDtos.UpdateJobDto" filename="C:\Users\SRIKANTH\OneDrive\Desktop\Presidio-Mini-Project\Job_Portal_Application\Job_Portal_Application\Dto\JobDtos\UpdateJobDto.cs" line-rate="1" branch-rate="1" complexity="7">
          <methods>
            <method name="get_JobId" signature="()" line-rate="1" branch-rate="1" complexity="1">
              <lines>
                <line number="8" hits="2" branch="false" />
              </lines>
            </method>
            <method name="get_TitleId" signature="()" line-rate="1" branch-rate="1" complexity="1">
              <lines>
                <line number="9" hits="3" branch="false" />
              </lines>
            </method>
            <method name="get_JobDescription" signature="()" line-rate="1" branch-rate="1" complexity="1">
              <lines>
                <line number="10" hits="2" branch="false" />
              </lines>
            </method>
            <method name="get_Lpa" signature="()" line-rate="1" branch-rate="1" complexity="1">
              <lines>
                <line number="11" hits="2" branch="false" />
              </lines>
            </method>
            <method name="get_ExperienceRequired" signature="()" line-rate="1" branch-rate="1" complexity="1">
              <lines>
                <line number="12" hits="2" branch="false" />
              </lines>
            </method>
            <method name="get_JobType" signature="()" line-rate="1" branch-rate="1" complexity="1">
              <lines>
                <line number="13" hits="2" branch="false" />
              </lines>
            </method>
            <method name="get_Status" signature="()" line-rate="1" branch-rate="1" complexity="1">
              <lines>
                <line number="14" hits="1" branch="false" />
              </lines>
            </method>
          </methods>
          <lines>
            <line number="8" hits="2" branch="false" />
            <line number="9" hits="3" branch="false" />
            <line number="10" hits="2" branch="false" />
            <line number="11" hits="2" branch="false" />
            <line number="12" hits="2" branch="false" />
            <line number="13" hits="2" branch="false" />
            <line number="14" hits="1" branch="false" />
          </lines>
        </class>
        <class name="Job_Portal_Application.Dto.profile.AreaOfInterestDto" filename="C:\Users\SRIKANTH\OneDrive\Desktop\Presidio-Mini-Project\Job_Portal_Application\Job_Portal_Application\Dto\UserDto\UserprofileDto.cs" line-rate="1" branch-rate="1" complexity="3">
          <methods>
            <method name="get_AreaOfInterestId" signature="()" line-rate="1" branch-rate="1" complexity="1">
              <lines>
                <line number="35" hits="4" branch="false" />
              </lines>
            </method>
            <method name="get_TitleName" signature="()" line-rate="1" branch-rate="1" complexity="1">
              <lines>
                <line number="36" hits="5" branch="false" />
              </lines>
            </method>
            <method name="get_Lpa" signature="()" line-rate="1" branch-rate="1" complexity="1">
              <lines>
                <line number="37" hits="4" branch="false" />
              </lines>
            </method>
          </methods>
          <lines>
            <line number="35" hits="4" branch="false" />
            <line number="36" hits="5" branch="false" />
            <line number="37" hits="4" branch="false" />
          </lines>
        </class>
        <class name="Job_Portal_Application.Dto.profile.EducationDto" filename="C:\Users\SRIKANTH\OneDrive\Desktop\Presidio-Mini-Project\Job_Portal_Application\Job_Portal_Application\Dto\UserDto\UserprofileDto.cs" line-rate="1" branch-rate="1" complexity="7">
          <methods>
            <method name="get_EducationId" signature="()" line-rate="1" branch-rate="1" complexity="1">
              <lines>
                <line number="8" hits="4" branch="false" />
              </lines>
            </method>
            <method name="get_Level" signature="()" line-rate="1" branch-rate="1" complexity="1">
              <lines>
                <line number="9" hits="4" branch="false" />
              </lines>
            </method>
            <method name="get_StartYear" signature="()" line-rate="1" branch-rate="1" complexity="1">
              <lines>
                <line number="10" hits="4" branch="false" />
              </lines>
            </method>
            <method name="get_EndYear" signature="()" line-rate="1" branch-rate="1" complexity="1">
              <lines>
                <line number="11" hits="4" branch="false" />
              </lines>
            </method>
            <method name="get_Percentage" signature="()" line-rate="1" branch-rate="1" complexity="1">
              <lines>
                <line number="12" hits="4" branch="false" />
              </lines>
            </method>
            <method name="get_InstitutionName" signature="()" line-rate="1" branch-rate="1" complexity="1">
              <lines>
                <line number="13" hits="4" branch="false" />
              </lines>
            </method>
            <method name="get_IsCurrentlyStudying" signature="()" line-rate="1" branch-rate="1" complexity="1">
              <lines>
                <line number="14" hits="4" branch="false" />
              </lines>
            </method>
          </methods>
          <lines>
            <line number="8" hits="4" branch="false" />
            <line number="9" hits="4" branch="false" />
            <line number="10" hits="4" branch="false" />
            <line number="11" hits="4" branch="false" />
            <line number="12" hits="4" branch="false" />
            <line number="13" hits="4" branch="false" />
            <line number="14" hits="4" branch="false" />
          </lines>
        </class>
        <class name="Job_Portal_Application.Dto.profile.ExperienceDto" filename="C:\Users\SRIKANTH\OneDrive\Desktop\Presidio-Mini-Project\Job_Portal_Application\Job_Portal_Application\Dto\UserDto\UserprofileDto.cs" line-rate="1" branch-rate="1" complexity="6">
          <methods>
            <method name="get_ExperienceId" signature="()" line-rate="1" branch-rate="1" complexity="1">
              <lines>
                <line number="19" hits="17" branch="false" />
              </lines>
            </method>
            <method name="get_CompanyName" signature="()" line-rate="1" branch-rate="1" complexity="1">
              <lines>
                <line number="20" hits="17" branch="false" />
              </lines>
            </method>
            <method name="get_TitleName" signature="()" line-rate="1" branch-rate="1" complexity="1">
              <lines>
                <line number="21" hits="16" branch="false" />
              </lines>
            </method>
            <method name="get_StartYear" signature="()" line-rate="1" branch-rate="1" complexity="1">
              <lines>
                <line number="22" hits="14" branch="false" />
              </lines>
            </method>
            <method name="get_EndYear" signature="()" line-rate="1" branch-rate="1" complexity="1">
              <lines>
                <line number="23" hits="14" branch="false" />
              </lines>
            </method>
            <method name="get_ExperienceDuration" signature="()" line-rate="1" branch-rate="1" complexity="1">
              <lines>
                <line number="24" hits="15" branch="false" />
              </lines>
            </method>
          </methods>
          <lines>
            <line number="19" hits="17" branch="false" />
            <line number="20" hits="17" branch="false" />
            <line number="21" hits="16" branch="false" />
            <line number="22" hits="14" branch="false" />
            <line number="23" hits="14" branch="false" />
            <line number="24" hits="15" branch="false" />
          </lines>
        </class>
        <class name="Job_Portal_Application.Dto.profile.Userdetails" filename="C:\Users\SRIKANTH\OneDrive\Desktop\Presidio-Mini-Project\Job_Portal_Application\Job_Portal_Application\Dto\UserDto\UserprofileDto.cs" line-rate="1" branch-rate="1" complexity="9">
          <methods>
            <method name="get_UserId" signature="()" line-rate="1" branch-rate="1" complexity="1">
              <lines>
                <line number="51" hits="4" branch="false" />
              </lines>
            </method>
            <method name="get_Dob" signature="()" line-rate="1" branch-rate="1" complexity="1">
              <lines>
                <line number="52" hits="3" branch="false" />
              </lines>
            </method>
            <method name="get_Email" signature="()" line-rate="1" branch-rate="1" complexity="1">
              <lines>
                <line number="53" hits="4" branch="false" />
              </lines>
            </method>
            <method name="get_Name" signature="()" line-rate="1" branch-rate="1" complexity="1">
              <lines>
                <line number="54" hits="5" branch="false" />
              </lines>
            </method>
            <method name="get_Address" signature="()" line-rate="1" branch-rate="1" complexity="1">
              <lines>
                <line number="55" hits="3" branch="false" />
              </lines>
            </method>
            <method name="get_City" signature="()" line-rate="1" branch-rate="1" complexity="1">
              <lines>
                <line number="56" hits="3" branch="false" />
              </lines>
            </method>
            <method name="get_PortfolioLink" signature="()" line-rate="1" branch-rate="1" complexity="1">
              <lines>
                <line number="57" hits="3" branch="false" />
              </lines>
            </method>
            <method name="get_PhoneNumber" signature="()" line-rate="1" branch-rate="1" complexity="1">
              <lines>
                <line number="58" hits="3" branch="false" />
              </lines>
            </method>
            <method name="get_ResumeUrl" signature="()" line-rate="1" branch-rate="1" complexity="1">
              <lines>
                <line number="59" hits="3" branch="false" />
              </lines>
            </method>
          </methods>
          <lines>
            <line number="51" hits="4" branch="false" />
            <line number="52" hits="3" branch="false" />
            <line number="53" hits="4" branch="false" />
            <line number="54" hits="5" branch="false" />
            <line number="55" hits="3" branch="false" />
            <line number="56" hits="3" branch="false" />
            <line number="57" hits="3" branch="false" />
            <line number="58" hits="3" branch="false" />
            <line number="59" hits="3" branch="false" />
          </lines>
        </class>
        <class name="Job_Portal_Application.Dto.profile.UserProfileDto" filename="C:\Users\SRIKANTH\OneDrive\Desktop\Presidio-Mini-Project\Job_Portal_Application\Job_Portal_Application\Dto\UserDto\UserprofileDto.cs" line-rate="1" branch-rate="1" complexity="4">
          <methods>
            <method name="get_Educations" signature="()" line-rate="1" branch-rate="1" complexity="1">
              <lines>
                <line number="42" hits="3" branch="false" />
              </lines>
            </method>
            <method name="get_Experiences" signature="()" line-rate="1" branch-rate="1" complexity="1">
              <lines>
                <line number="43" hits="4" branch="false" />
              </lines>
            </method>
            <method name="get_UserSkills" signature="()" line-rate="1" branch-rate="1" complexity="1">
              <lines>
                <line number="44" hits="4" branch="false" />
              </lines>
            </method>
            <method name="get_AreasOfInterests" signature="()" line-rate="1" branch-rate="1" complexity="1">
              <lines>
                <line number="45" hits="4" branch="false" />
              </lines>
            </method>
          </methods>
          <lines>
            <line number="42" hits="3" branch="false" />
            <line number="43" hits="4" branch="false" />
            <line number="44" hits="4" branch="false" />
            <line number="45" hits="4" branch="false" />
          </lines>
        </class>
        <class name="Job_Portal_Application.Dto.profile.UserSkillDto" filename="C:\Users\SRIKANTH\OneDrive\Desktop\Presidio-Mini-Project\Job_Portal_Application\Job_Portal_Application\Dto\UserDto\UserprofileDto.cs" line-rate="1" branch-rate="1" complexity="2">
          <methods>
            <method name="get_SkillId" signature="()" line-rate="1" branch-rate="1" complexity="1">
              <lines>
                <line number="29" hits="6" branch="false" />
              </lines>
            </method>
            <method name="get_SkillName" signature="()" line-rate="1" branch-rate="1" complexity="1">
              <lines>
                <line number="30" hits="4" branch="false" />
              </lines>
            </method>
          </methods>
          <lines>
            <line number="29" hits="6" branch="false" />
            <line number="30" hits="4" branch="false" />
          </lines>
        </class>
        <class name="Job_Portal_Application.Dto.SkillDtos.SkillsDto" filename="C:\Users\SRIKANTH\OneDrive\Desktop\Presidio-Mini-Project\Job_Portal_Application\Job_Portal_Application\Dto\SkillDtos\SkillsDto.cs" line-rate="1" branch-rate="1" complexity="2">
          <methods>
            <method name="get_SkillsToAdd" signature="()" line-rate="1" branch-rate="1" complexity="1">
              <lines>
                <line number="6" hits="3" branch="false" />
              </lines>
            </method>
            <method name="get_SkillsToRemove" signature="()" line-rate="1" branch-rate="1" complexity="1">
              <lines>
                <line number="7" hits="2" branch="false" />
              </lines>
            </method>
          </methods>
          <lines>
            <line number="6" hits="3" branch="false" />
            <line number="7" hits="2" branch="false" />
          </lines>
        </class>
        <class name="Job_Portal_Application.Dto.SkillDtos.SkillsresponseDto" filename="C:\Users\SRIKANTH\OneDrive\Desktop\Presidio-Mini-Project\Job_Portal_Application\Job_Portal_Application\Dto\SkillDtos\SkillsresponseDto.cs" line-rate="1" branch-rate="1" complexity="3">
          <methods>
            <method name="get_AddedSkills" signature="()" line-rate="1" branch-rate="1" complexity="1">
              <lines>
                <line number="6" hits="3" branch="false" />
              </lines>
            </method>
            <method name="get_RemovedSkills" signature="()" line-rate="1" branch-rate="1" complexity="1">
              <lines>
                <line number="7" hits="3" branch="false" />
              </lines>
            </method>
            <method name="get_InvalidSkills" signature="()" line-rate="1" branch-rate="1" complexity="1">
              <lines>
                <line number="8" hits="2" branch="false" />
              </lines>
            </method>
          </methods>
          <lines>
            <line number="6" hits="3" branch="false" />
            <line number="7" hits="3" branch="false" />
            <line number="8" hits="2" branch="false" />
          </lines>
        </class>
        <class name="Job_Portal_Application.Dto.UserDto.LoginDto" filename="C:\Users\SRIKANTH\OneDrive\Desktop\Presidio-Mini-Project\Job_Portal_Application\Job_Portal_Application\Dto\UserDto\LoginDto.cs" line-rate="1" branch-rate="1" complexity="2">
          <methods>
            <method name="get_Email" signature="()" line-rate="1" branch-rate="1" complexity="1">
              <lines>
                <line number="9" hits="10" branch="false" />
              </lines>
            </method>
            <method name="get_Password" signature="()" line-rate="1" branch-rate="1" complexity="1">
              <lines>
                <line number="13" hits="8" branch="false" />
              </lines>
            </method>
          </methods>
          <lines>
            <line number="9" hits="10" branch="false" />
            <line number="13" hits="8" branch="false" />
          </lines>
        </class>
        <class name="Job_Portal_Application.Dto.UserDto.UpdateUserDto" filename="C:\Users\SRIKANTH\OneDrive\Desktop\Presidio-Mini-Project\Job_Portal_Application\Job_Portal_Application\Dto\UserDto\UpdateUserDto.cs" line-rate="0.857142857142857" branch-rate="1" complexity="7">
          <methods>
            <method name="get_Name" signature="()" line-rate="1" branch-rate="1" complexity="1">
              <lines>
                <line number="9" hits="2" branch="false" />
              </lines>
            </method>
            <method name="get_Address" signature="()" line-rate="1" branch-rate="1" complexity="1">
              <lines>
                <line number="12" hits="2" branch="false" />
              </lines>
            </method>
            <method name="get_City" signature="()" line-rate="1" branch-rate="1" complexity="1">
              <lines>
                <line number="15" hits="2" branch="false" />
              </lines>
            </method>
            <method name="get_PortfolioLink" signature="()" line-rate="1" branch-rate="1" complexity="1">
              <lines>
                <line number="19" hits="2" branch="false" />
              </lines>
            </method>
            <method name="get_PhoneNumber" signature="()" line-rate="1" branch-rate="1" complexity="1">
              <lines>
                <line number="23" hits="2" branch="false" />
              </lines>
            </method>
            <method name="get_ResumeUrl" signature="()" line-rate="1" branch-rate="1" complexity="1">
              <lines>
                <line number="27" hits="2" branch="false" />
              </lines>
            </method>
            <method name="get_Dob" signature="()" line-rate="0" branch-rate="1" complexity="1">
              <lines>
                <line number="30" hits="0" branch="false" />
              </lines>
            </method>
          </methods>
          <lines>
            <line number="9" hits="2" branch="false" />
            <line number="12" hits="2" branch="false" />
            <line number="15" hits="2" branch="false" />
            <line number="19" hits="2" branch="false" />
            <line number="23" hits="2" branch="false" />
            <line number="27" hits="2" branch="false" />
            <line number="30" hits="0" branch="false" />
          </lines>
        </class>
        <class name="Job_Portal_Application.Dto.UserDto.UserDto" filename="C:\Users\SRIKANTH\OneDrive\Desktop\Presidio-Mini-Project\Job_Portal_Application\Job_Portal_Application\Dto\UserDto\UserDto.cs" line-rate="1" branch-rate="1" complexity="9">
          <methods>
            <method name="get_UserId" signature="()" line-rate="1" branch-rate="1" complexity="1">
              <lines>
                <line number="7" hits="16" branch="false" />
              </lines>
            </method>
            <method name="get_Dob" signature="()" line-rate="1" branch-rate="1" complexity="1">
              <lines>
                <line number="8" hits="11" branch="false" />
              </lines>
            </method>
            <method name="get_Email" signature="()" line-rate="1" branch-rate="1" complexity="1">
              <lines>
                <line number="9" hits="11" branch="false" />
              </lines>
            </method>
            <method name="get_Name" signature="()" line-rate="1" branch-rate="1" complexity="1">
              <lines>
                <line number="10" hits="12" branch="false" />
              </lines>
            </method>
            <method name="get_Address" signature="()" line-rate="1" branch-rate="1" complexity="1">
              <lines>
                <line number="11" hits="11" branch="false" />
              </lines>
            </method>
            <method name="get_City" signature="()" line-rate="1" branch-rate="1" complexity="1">
              <lines>
                <line number="12" hits="11" branch="false" />
              </lines>
            </method>
            <method name="get_PortfolioLink" signature="()" line-rate="1" branch-rate="1" complexity="1">
              <lines>
                <line number="13" hits="11" branch="false" />
              </lines>
            </method>
            <method name="get_PhoneNumber" signature="()" line-rate="1" branch-rate="1" complexity="1">
              <lines>
                <line number="14" hits="11" branch="false" />
              </lines>
            </method>
            <method name="get_ResumeUrl" signature="()" line-rate="1" branch-rate="1" complexity="1">
              <lines>
                <line number="15" hits="12" branch="false" />
              </lines>
            </method>
          </methods>
          <lines>
            <line number="7" hits="16" branch="false" />
            <line number="8" hits="11" branch="false" />
            <line number="9" hits="11" branch="false" />
            <line number="10" hits="12" branch="false" />
            <line number="11" hits="11" branch="false" />
            <line number="12" hits="11" branch="false" />
            <line number="13" hits="11" branch="false" />
            <line number="14" hits="11" branch="false" />
            <line number="15" hits="12" branch="false" />
          </lines>
        </class>
        <class name="Job_Portal_Application.Dto.UserDto.UserRegisterDto" filename="C:\Users\SRIKANTH\OneDrive\Desktop\Presidio-Mini-Project\Job_Portal_Application\Job_Portal_Application\Dto\UserDto\UserRegisterDto.cs" line-rate="1" branch-rate="1" complexity="9">
          <methods>
            <method name="get_Name" signature="()" line-rate="1" branch-rate="1" complexity="1">
              <lines>
                <line number="10" hits="17" branch="false" />
              </lines>
            </method>
            <method name="get_Email" signature="()" line-rate="1" branch-rate="1" complexity="1">
              <lines>
                <line number="15" hits="36" branch="false" />
              </lines>
            </method>
            <method name="get_Dob" signature="()" line-rate="1" branch-rate="1" complexity="1">
              <lines>
                <line number="19" hits="17" branch="false" />
              </lines>
            </method>
            <method name="get_Address" signature="()" line-rate="1" branch-rate="1" complexity="1">
              <lines>
                <line number="22" hits="17" branch="false" />
              </lines>
            </method>
            <method name="get_City" signature="()" line-rate="1" branch-rate="1" complexity="1">
              <lines>
                <line number="25" hits="17" branch="false" />
              </lines>
            </method>
            <method name="get_PortfolioLink" signature="()" line-rate="1" branch-rate="1" complexity="1">
              <lines>
                <line number="29" hits="17" branch="false" />
              </lines>
            </method>
            <method name="get_Phonenumber" signature="()" line-rate="1" branch-rate="1" complexity="1">
              <lines>
                <line number="33" hits="17" branch="false" />
              </lines>
            </method>
            <method name="get_ResumeUrl" signature="()" line-rate="1" branch-rate="1" complexity="1">
              <lines>
                <line number="37" hits="17" branch="false" />
              </lines>
            </method>
            <method name="get_Password" signature="()" line-rate="1" branch-rate="1" complexity="1">
              <lines>
                <line number="41" hits="17" branch="false" />
[...]
                <line number="290" hits="2" branch="false" />
                <line number="291" hits="2" branch="false" />
                <line number="292" hits="2" branch="false" />
                <line number="293" hits="2" branch="false" />
                <line number="294" hits="2" branch="false" />
                <line number="295" hits="2" branch="false" />
                <line number="296" hits="2" branch="false" />
                <line number="297" hits="2" branch="false" />
                <line number="298" hits="2" branch="false" />
                <line number="299" hits="2" branch="false" />
                <line number="300" hits="2" branch="false" />
                <line number="301" hits="2" branch="false" />
                <line number="302" hits="2" branch="false" />
                <line number="303" hits="2" branch="false" />
                <line number="304" hits="2" branch="false" />
                <line number="305" hits="2" branch="false" />
                <line number="306" hits="2" branch="false" />
                <line number="307" hits="2" branch="false" />
                <line number="308" hits="2" branch="false" />
                <line number="309" hits="2" branch="false" />
                <line number="310" hits="2" branch="false" />
                <line number="311" hits="2" branch="false" />
                <line number="312" hits="2" branch="false" />
              </lines>
            </method>
            <method name=".ctor" signature="(...)" line-rate="1" branch-rate="1" complexity="1">
              <lines>
                <line number="11" hits="71" branch="false" />
                <line number="12" hits="71" branch="false" />
                <line number="13" hits="71" branch="false" />
              </lines>
            </method>
            <method name=".cctor" signature="()" line-rate="1" branch-rate="1" complexity="1">
              <lines>
                <line number="15" hits="1" branch="false" />
                <line number="16" hits="1" branch="false" />
                <line number="17" hits="1" branch="false" />
                <line number="18" hits="1" branch="false" />
                <line number="19" hits="1" branch="false" />
                <line number="20" hits="1" branch="false" />
                <line number="21" hits="1" branch="false" />
                <line number="22" hits="1" branch="false" />
                <line number="23" hits="1" branch="false" />
                <line number="24" hits="1" branch="false" />
                <line number="25" hits="1" branch="false" />
                <line number="26" hits="1" branch="false" />
                <line number="27" hits="1" branch="false" />
                <line number="28" hits="1" branch="false" />
                <line number="29" hits="1" branch="false" />
                <line number="30" hits="1" branch="false" />
                <line number="31" hits="1" branch="false" />
                <line number="32" hits="1" branch="false" />
                <line number="33" hits="1" branch="false" />
                <line number="34" hits="1" branch="false" />
                <line number="35" hits="1" branch="false" />
                <line number="36" hits="1" branch="false" />
                <line number="37" hits="1" branch="false" />
                <line number="38" hits="1" branch="false" />
              </lines>
            </method>
          </methods>
          <lines>
            <line number="11" hits="71" branch="false" />
            <line number="12" hits="71" branch="false" />
            <line number="13" hits="71" branch="false" />
            <line number="15" hits="1" branch="false" />
            <line number="16" hits="1" branch="false" />
            <line number="17" hits="1" branch="false" />
            <line number="18" hits="1" branch="false" />
            <line number="19" hits="1" branch="false" />
            <line number="20" hits="1" branch="false" />
            <line number="21" hits="1" branch="false" />
            <line number="22" hits="1" branch="false" />
            <line number="23" hits="1" branch="false" />
            <line number="24" hits="1" branch="false" />
            <line number="25" hits="1" branch="false" />
            <line number="26" hits="1" branch="false" />
            <line number="27" hits="1" branch="false" />
            <line number="28" hits="1" branch="false" />
            <line number="29" hits="1" branch="false" />
            <line number="30" hits="1" branch="false" />
            <line number="31" hits="1" branch="false" />
            <line number="32" hits="1" branch="false" />
            <line number="33" hits="1" branch="false" />
            <line number="34" hits="1" branch="false" />
            <line number="35" hits="1" branch="false" />
            <line number="36" hits="1" branch="false" />
            <line number="37" hits="1" branch="false" />
            <line number="38" hits="1" branch="false" />
            <line number="42" hits="71" branch="false" />
            <line number="43" hits="71" branch="false" />
            <line number="44" hits="71" branch="false" />
            <line number="46" hits="2" branch="false" />
            <line number="50" hits="2" branch="false" />
            <line number="51" hits="2" branch="false" />
            <line number="53" hits="2" branch="false" />
            <line number="54" hits="2" branch="false" />
            <line number="55" hits="2" branch="false" />
            <line number="56" hits="2" branch="false" />
            <line number="57" hits="2" branch="false" />
            <line number="58" hits="2" branch="false" />
            <line number="59" hits="2" branch="false" />
            <line number="60" hits="2" branch="false" />
            <line number="61" hits="2" branch="false" />
            <line number="62" hits="2" branch="false" />
            <line number="63" hits="2" branch="false" />
            <line number="64" hits="2" branch="false" />
            <line number="65" hits="2" branch="false" />
            <line number="66" hits="2" branch="false" />
            <line number="67" hits="2" branch="false" />
            <line number="68" hits="2" branch="false" />
            <line number="69" hits="2" branch="false" />
            <line number="70" hits="2" branch="false" />
            <line number="71" hits="2" branch="false" />
            <line number="72" hits="2" branch="false" />
            <line number="73" hits="2" branch="false" />
            <line number="74" hits="2" branch="false" />
            <line number="75" hits="2" branch="false" />
            <line number="76" hits="2" branch="false" />
            <line number="77" hits="2" branch="false" />
            <line number="78" hits="2" branch="false" />
            <line number="79" hits="2" branch="false" />
            <line number="80" hits="2" branch="false" />
            <line number="81" hits="2" branch="false" />
            <line number="82" hits="2" branch="false" />
            <line number="83" hits="2" branch="false" />
            <line number="84" hits="2" branch="false" />
            <line number="85" hits="2" branch="false" />
            <line number="86" hits="2" branch="false" />
            <line number="87" hits="2" branch="false" />
            <line number="88" hits="2" branch="false" />
            <line number="89" hits="2" branch="false" />
            <line number="90" hits="2" branch="false" />
            <line number="91" hits="2" branch="false" />
            <line number="92" hits="2" branch="false" />
            <line number="93" hits="2" branch="false" />
            <line number="94" hits="2" branch="false" />
            <line number="95" hits="2" branch="false" />
            <line number="96" hits="2" branch="false" />
            <line number="97" hits="2" branch="false" />
            <line number="98" hits="2" branch="false" />
            <line number="99" hits="2" branch="false" />
            <line number="100" hits="2" branch="false" />
            <line number="101" hits="2" branch="false" />
            <line number="102" hits="2" branch="false" />
            <line number="103" hits="2" branch="false" />
            <line number="104" hits="2" branch="false" />
            <line number="105" hits="2" branch="false" />
            <line number="106" hits="2" branch="false" />
            <line number="107" hits="2" branch="false" />
            <line number="108" hits="2" branch="false" />
            <line number="109" hits="2" branch="false" />
            <line number="110" hits="2" branch="false" />
            <line number="111" hits="2" branch="false" />
            <line number="112" hits="2" branch="false" />
            <line number="113" hits="2" branch="false" />
            <line number="114" hits="2" branch="false" />
            <line number="115" hits="2" branch="false" />
            <line number="116" hits="2" branch="false" />
            <line number="117" hits="2" branch="false" />
            <line number="118" hits="2" branch="false" />
            <line number="119" hits="2" branch="false" />
            <line number="120" hits="2" branch="false" />
            <line number="121" hits="2" branch="false" />
            <line number="122" hits="2" branch="false" />
            <line number="123" hits="2" branch="false" />
            <line number="124" hits="2" branch="false" />
            <line number="125" hits="2" branch="false" />
            <line number="127" hits="2" branch="false" />
            <line number="128" hits="2" branch="false" />
            <line number="129" hits="2" branch="false" />
            <line number="130" hits="2" branch="false" />
            <line number="131" hits="2" branch="false" />
            <line number="132" hits="2" branch="false" />
            <line number="133" hits="2" branch="false" />
            <line number="134" hits="2" branch="false" />
            <line number="135" hits="2" branch="false" />
            <line number="136" hits="2" branch="false" />
            <line number="137" hits="2" branch="false" />
            <line number="138" hits="2" branch="false" />
            <line number="139" hits="2" branch="false" />
            <line number="140" hits="2" branch="false" />
            <line number="141" hits="2" branch="false" />
            <line number="142" hits="2" branch="false" />
            <line number="143" hits="2" branch="false" />
            <line number="144" hits="2" branch="false" />
            <line number="145" hits="2" branch="false" />
            <line number="146" hits="2" branch="false" />
            <line number="147" hits="2" branch="false" />
            <line number="150" hits="2" branch="false" />
            <line number="151" hits="2" branch="false" />
            <line number="152" hits="2" branch="false" />
            <line number="153" hits="2" branch="false" />
            <line number="154" hits="2" branch="false" />
            <line number="155" hits="2" branch="false" />
            <line number="156" hits="2" branch="false" />
            <line number="157" hits="2" branch="false" />
            <line number="158" hits="2" branch="false" />
            <line number="159" hits="2" branch="false" />
            <line number="160" hits="2" branch="false" />
            <line number="161" hits="2" branch="false" />
            <line number="163" hits="2" branch="false" />
            <line number="164" hits="2" branch="false" />
            <line number="165" hits="2" branch="false" />
            <line number="166" hits="2" branch="false" />
            <line number="167" hits="2" branch="false" />
            <line number="168" hits="2" branch="false" />
            <line number="169" hits="2" branch="false" />
            <line number="170" hits="2" branch="false" />
            <line number="171" hits="2" branch="false" />
            <line number="172" hits="2" branch="false" />
            <line number="173" hits="2" branch="false" />
            <line number="174" hits="2" branch="false" />
            <line number="175" hits="2" branch="false" />
            <line number="176" hits="2" branch="false" />
            <line number="177" hits="2" branch="false" />
            <line number="178" hits="2" branch="false" />
            <line number="179" hits="2" branch="false" />
            <line number="181" hits="2" branch="false" />
            <line number="182" hits="2" branch="false" />
            <line number="183" hits="2" branch="false" />
            <line number="184" hits="2" branch="false" />
            <line number="185" hits="2" branch="false" />
            <line number="186" hits="2" branch="false" />
            <line number="187" hits="2" branch="false" />
            <line number="188" hits="2" branch="false" />
            <line number="189" hits="2" branch="false" />
            <line number="190" hits="2" branch="false" />
            <line number="191" hits="2" branch="false" />
            <line number="192" hits="2" branch="false" />
            <line number="193" hits="2" branch="false" />
            <line number="194" hits="2" branch="false" />
            <line number="195" hits="2" branch="false" />
            <line number="197" hits="2" branch="false" />
            <line number="198" hits="2" branch="false" />
            <line number="199" hits="2" branch="false" />
            <line number="200" hits="2" branch="false" />
            <line number="201" hits="2" branch="false" />
            <line number="202" hits="2" branch="false" />
            <line number="203" hits="2" branch="false" />
            <line number="204" hits="2" branch="false" />
            <line number="205" hits="2" branch="false" />
            <line number="206" hits="2" branch="false" />
            <line number="207" hits="2" branch="false" />
            <line number="208" hits="2" branch="false" />
            <line number="209" hits="2" branch="false" />
            <line number="210" hits="2" branch="false" />
            <line number="211" hits="2" branch="false" />
            <line number="212" hits="2" branch="false" />
            <line number="213" hits="2" branch="false" />
            <line number="214" hits="2" branch="false" />
            <line number="215" hits="2" branch="false" />
            <line number="216" hits="2" branch="false" />
            <line number="217" hits="2" branch="false" />
            <line number="218" hits="2" branch="false" />
            <line number="219" hits="2" branch="false" />
            <line number="220" hits="2" branch="false" />
            <line number="221" hits="2" branch="false" />
            <line number="222" hits="2" branch="false" />
            <line number="224" hits="2" branch="false" />
            <line number="225" hits="2" branch="false" />
            <line number="226" hits="2" branch="false" />
            <line number="227" hits="2" branch="false" />
            <line number="228" hits="2" branch="false" />
            <line number="229" hits="2" branch="false" />
            <line number="230" hits="2" branch="false" />
            <line number="231" hits="2" branch="false" />
            <line number="232" hits="2" branch="false" />
            <line number="233" hits="2" branch="false" />
            <line number="234" hits="2" branch="false" />
            <line number="235" hits="2" branch="false" />
            <line number="236" hits="2" branch="false" />
            <line number="237" hits="2" branch="false" />
            <line number="238" hits="2" branch="false" />
            <line number="239" hits="2" branch="false" />
            <line number="240" hits="2" branch="false" />
            <line number="241" hits="2" branch="false" />
            <line number="242" hits="2" branch="false" />
            <line number="243" hits="2" branch="false" />
            <line number="244" hits="2" branch="false" />
            <line number="245" hits="2" branch="false" />
            <line number="246" hits="2" branch="false" />
            <line number="247" hits="2" branch="false" />
            <line number="248" hits="2" branch="false" />
            <line number="249" hits="2" branch="false" />
            <line number="250" hits="2" branch="false" />
            <line number="251" hits="2" branch="false" />
            <line number="252" hits="2" branch="false" />
            <line number="253" hits="2" branch="false" />
            <line number="254" hits="2" branch="false" />
            <line number="255" hits="2" branch="false" />
            <line number="256" hits="2" branch="false" />
            <line number="257" hits="2" branch="false" />
            <line number="258" hits="2" branch="false" />
            <line number="260" hits="2" branch="false" />
            <line number="261" hits="2" branch="false" />
            <line number="262" hits="2" branch="false" />
            <line number="263" hits="2" branch="false" />
            <line number="264" hits="2" branch="false" />
            <line number="265" hits="2" branch="false" />
            <line number="266" hits="2" branch="false" />
            <line number="267" hits="2" branch="false" />
            <line number="268" hits="2" branch="false" />
            <line number="269" hits="2" branch="false" />
            <line number="270" hits="2" branch="false" />
            <line number="271" hits="2" branch="false" />
            <line number="272" hits="2" branch="false" />
            <line number="273" hits="2" branch="false" />
            <line number="274" hits="2" branch="false" />
            <line number="275" hits="2" branch="false" />
            <line number="276" hits="2" branch="false" />
            <line number="277" hits="2" branch="false" />
            <line number="278" hits="2" branch="false" />
            <line number="279" hits="2" branch="false" />
            <line number="280" hits="2" branch="false" />
            <line number="281" hits="2" branch="false" />
            <line number="282" hits="2" branch="false" />
            <line number="283" hits="2" branch="false" />
            <line number="284" hits="2" branch="false" />
            <line number="285" hits="2" branch="false" />
            <line number="287" hits="2" branch="false" />
            <line number="288" hits="2" branch="false" />
            <line number="289" hits="2" branch="false" />
            <line number="290" hits="2" branch="false" />
            <line number="291" hits="2" branch="false" />
            <line number="292" hits="2" branch="false" />
            <line number="293" hits="2" branch="false" />
            <line number="294" hits="2" branch="false" />
            <line number="295" hits="2" branch="false" />
            <line number="296" hits="2" branch="false" />
            <line number="297" hits="2" branch="false" />
            <line number="298" hits="2" branch="false" />
            <line number="299" hits="2" branch="false" />
            <line number="300" hits="2" branch="false" />
            <line number="301" hits="2" branch="false" />
            <line number="302" hits="2" branch="false" />
            <line number="303" hits="2" branch="false" />
            <line number="304" hits="2" branch="false" />
            <line number="305" hits="2" branch="false" />
            <line number="306" hits="2" branch="false" />
            <line number="307" hits="2" branch="false" />
            <line number="308" hits="2" branch="false" />
            <line number="309" hits="2" branch="false" />
            <line number="310" hits="2" branch="false" />
            <line number="311" hits="2" branch="false" />
            <line number="312" hits="2" branch="false" />
          </lines>
        </class>
      </classes>
    </package>
  </packages>
</coverage>